Control System Toolbox
Deep Learning Toolbox
Global Optimization Toolbox
Simulink Code Inspector
Partial Differential Equation Toolbox
Robust Control Toolbox
Simulink Design Verifier
Simulink Check
Simulink Control Design
Robotics System Toolbox
Parallel Computing Toolbox
Simulink Compiler
Statistics and Machine Learning Toolbox
Simulink Coder
MATLAB Coder
Simulink Coverage
Optimization Toolbox
Simulink Design Optimization
Symbolic Math Toolbox
System Identification Toolbox
Reinforcement Learning Toolbox
Simulink
MATLAB Compiler